DEBUG - 2025-07-03 00:43:44 --> Session: Class initialized using 'CodeIgniter\Session\Handlers\FileHandler' driver.
DEBUG - 2025-07-03 00:44:10 --> Session: Class initialized using 'CodeIgniter\Session\Handlers\FileHandler' driver.
DEBUG - 2025-07-03 00:44:10 --> Session: Class initialized using 'CodeIgniter\Session\Handlers\FileHandler' driver.
DEBUG - 2025-07-03 00:44:18 --> Session: Class initialized using 'CodeIgniter\Session\Handlers\FileHandler' driver.
DEBUG - 2025-07-03 00:44:18 --> Session: Class initialized using 'CodeIgniter\Session\Handlers\FileHandler' driver.
DEBUG - 2025-07-03 00:44:24 --> Session: Class initialized using 'CodeIgniter\Session\Handlers\FileHandler' driver.
DEBUG - 2025-07-03 00:44:33 --> Session: Class initialized using 'CodeIgniter\Session\Handlers\FileHandler' driver.
DEBUG - 2025-07-03 00:44:33 --> Session: Class initialized using 'CodeIgniter\Session\Handlers\FileHandler' driver.
DEBUG - 2025-07-03 00:44:37 --> Session: Class initialized using 'CodeIgniter\Session\Handlers\FileHandler' driver.
DEBUG - 2025-07-03 00:44:48 --> Session: Class initialized using 'CodeIgniter\Session\Handlers\FileHandler' driver.
DEBUG - 2025-07-03 00:45:11 --> Session: Class initialized using 'CodeIgniter\Session\Handlers\FileHandler' driver.
DEBUG - 2025-07-03 00:45:46 --> Session: Class initialized using 'CodeIgniter\Session\Handlers\FileHandler' driver.
DEBUG - 2025-07-03 00:46:10 --> Session: Class initialized using 'CodeIgniter\Session\Handlers\FileHandler' driver.
DEBUG - 2025-07-03 00:46:10 --> Session: Class initialized using 'CodeIgniter\Session\Handlers\FileHandler' driver.
DEBUG - 2025-07-03 00:49:17 --> Session: Class initialized using 'CodeIgniter\Session\Handlers\FileHandler' driver.
DEBUG - 2025-07-03 00:56:24 --> Session: Class initialized using 'CodeIgniter\Session\Handlers\FileHandler' driver.
DEBUG - 2025-07-03 00:56:27 --> Session: Class initialized using 'CodeIgniter\Session\Handlers\FileHandler' driver.
CRITICAL - 2025-07-03 00:56:27 --> ArgumentCountError: Too few arguments to function App\Controllers\Front_controller::cetak_struk_dp(), 0 passed in C:\Users\acer\Documents\Project\CI4\penyewaan-kos\vendor\codeigniter4\framework\system\CodeIgniter.php on line 933 and exactly 1 expected
[Method: GET, Route: cetak-struk-dp/2]
in APPPATH\Controllers\Front_controller.php on line 197.
 1 SYSTEMPATH\CodeIgniter.php(933): App\Controllers\Front_controller->cetak_struk_dp()
 2 SYSTEMPATH\CodeIgniter.php(507): CodeIgniter\CodeIgniter->runController(Object(App\Controllers\Front_controller))
 3 SYSTEMPATH\CodeIgniter.php(354): CodeIgniter\CodeIgniter->handleRequest(null, Object(Config\Cache), false)
 4 SYSTEMPATH\Boot.php(334): CodeIgniter\CodeIgniter->run()
 5 SYSTEMPATH\Boot.php(67): CodeIgniter\Boot::runCodeIgniter(Object(CodeIgniter\CodeIgniter))
 6 FCPATH\index.php(59): CodeIgniter\Boot::bootWeb(Object(Config\Paths))
 7 SYSTEMPATH\rewrite.php(44): require_once('C:\\Users\\acer\\Documents\\Project\\CI4\\penyewaan-kos\\public\\index.php')
DEBUG - 2025-07-03 00:57:06 --> Session: Class initialized using 'CodeIgniter\Session\Handlers\FileHandler' driver.
CRITICAL - 2025-07-03 00:57:06 --> ErrorException: Attempt to read property "metode_pembayaran" on null
[Method: GET, Route: cetak-struk-dp/2]
in APPPATH\Views\Cetak_struk_dp.php on line 119.
 1 APPPATH\Views\Cetak_struk_dp.php(119): CodeIgniter\Debug\Exceptions->errorHandler(2, 'Attempt to read property "metode_pembayaran" on null', 'C:\\Users\\acer\\Documents\\Project\\CI4\\penyewaan-kos\\app\\Views\\Cetak_struk_dp.php', 119)
 2 SYSTEMPATH\View\View.php(224): include('C:\\Users\\acer\\Documents\\Project\\CI4\\penyewaan-kos\\app\\Views\\Cetak_struk_dp.php')
 3 SYSTEMPATH\View\View.php(227): CodeIgniter\View\View->CodeIgniter\View\{closure}()
 4 SYSTEMPATH\Common.php(1173): CodeIgniter\View\View->render('Cetak_struk_dp', [], true)
 5 APPPATH\Controllers\Front_controller.php(210): view('Cetak_struk_dp', [...])
 6 SYSTEMPATH\CodeIgniter.php(933): App\Controllers\Front_controller->cetak_struk_dp()
 7 SYSTEMPATH\CodeIgniter.php(507): CodeIgniter\CodeIgniter->runController(Object(App\Controllers\Front_controller))
 8 SYSTEMPATH\CodeIgniter.php(354): CodeIgniter\CodeIgniter->handleRequest(null, Object(Config\Cache), false)
 9 SYSTEMPATH\Boot.php(334): CodeIgniter\CodeIgniter->run()
10 SYSTEMPATH\Boot.php(67): CodeIgniter\Boot::runCodeIgniter(Object(CodeIgniter\CodeIgniter))
11 FCPATH\index.php(59): CodeIgniter\Boot::bootWeb(Object(Config\Paths))
12 SYSTEMPATH\rewrite.php(44): require_once('C:\\Users\\acer\\Documents\\Project\\CI4\\penyewaan-kos\\public\\index.php')
DEBUG - 2025-07-03 00:59:22 --> Session: Class initialized using 'CodeIgniter\Session\Handlers\FileHandler' driver.
CRITICAL - 2025-07-03 00:59:22 --> ErrorException: Attempt to read property "metode_pembayaran" on null
[Method: GET, Route: cetak-struk-dp/2]
in APPPATH\Views\Cetak_struk_dp.php on line 119.
 1 APPPATH\Views\Cetak_struk_dp.php(119): CodeIgniter\Debug\Exceptions->errorHandler(2, 'Attempt to read property "metode_pembayaran" on null', 'C:\\Users\\acer\\Documents\\Project\\CI4\\penyewaan-kos\\app\\Views\\Cetak_struk_dp.php', 119)
 2 SYSTEMPATH\View\View.php(224): include('C:\\Users\\acer\\Documents\\Project\\CI4\\penyewaan-kos\\app\\Views\\Cetak_struk_dp.php')
 3 SYSTEMPATH\View\View.php(227): CodeIgniter\View\View->CodeIgniter\View\{closure}()
 4 SYSTEMPATH\Common.php(1173): CodeIgniter\View\View->render('Cetak_struk_dp', [], true)
 5 APPPATH\Controllers\Front_controller.php(210): view('Cetak_struk_dp', [...])
 6 SYSTEMPATH\CodeIgniter.php(933): App\Controllers\Front_controller->cetak_struk_dp()
 7 SYSTEMPATH\CodeIgniter.php(507): CodeIgniter\CodeIgniter->runController(Object(App\Controllers\Front_controller))
 8 SYSTEMPATH\CodeIgniter.php(354): CodeIgniter\CodeIgniter->handleRequest(null, Object(Config\Cache), false)
 9 SYSTEMPATH\Boot.php(334): CodeIgniter\CodeIgniter->run()
10 SYSTEMPATH\Boot.php(67): CodeIgniter\Boot::runCodeIgniter(Object(CodeIgniter\CodeIgniter))
11 FCPATH\index.php(59): CodeIgniter\Boot::bootWeb(Object(Config\Paths))
12 SYSTEMPATH\rewrite.php(44): require_once('C:\\Users\\acer\\Documents\\Project\\CI4\\penyewaan-kos\\public\\index.php')
DEBUG - 2025-07-03 00:59:26 --> Session: Class initialized using 'CodeIgniter\Session\Handlers\FileHandler' driver.
CRITICAL - 2025-07-03 00:59:26 --> ErrorException: Attempt to read property "metode_pembayaran" on null
[Method: GET, Route: cetak-struk-dp/2]
in APPPATH\Views\Cetak_struk_dp.php on line 119.
 1 APPPATH\Views\Cetak_struk_dp.php(119): CodeIgniter\Debug\Exceptions->errorHandler(2, 'Attempt to read property "metode_pembayaran" on null', 'C:\\Users\\acer\\Documents\\Project\\CI4\\penyewaan-kos\\app\\Views\\Cetak_struk_dp.php', 119)
 2 SYSTEMPATH\View\View.php(224): include('C:\\Users\\acer\\Documents\\Project\\CI4\\penyewaan-kos\\app\\Views\\Cetak_struk_dp.php')
 3 SYSTEMPATH\View\View.php(227): CodeIgniter\View\View->CodeIgniter\View\{closure}()
 4 SYSTEMPATH\Common.php(1173): CodeIgniter\View\View->render('Cetak_struk_dp', [], true)
 5 APPPATH\Controllers\Front_controller.php(210): view('Cetak_struk_dp', [...])
 6 SYSTEMPATH\CodeIgniter.php(933): App\Controllers\Front_controller->cetak_struk_dp()
 7 SYSTEMPATH\CodeIgniter.php(507): CodeIgniter\CodeIgniter->runController(Object(App\Controllers\Front_controller))
 8 SYSTEMPATH\CodeIgniter.php(354): CodeIgniter\CodeIgniter->handleRequest(null, Object(Config\Cache), false)
 9 SYSTEMPATH\Boot.php(334): CodeIgniter\CodeIgniter->run()
10 SYSTEMPATH\Boot.php(67): CodeIgniter\Boot::runCodeIgniter(Object(CodeIgniter\CodeIgniter))
11 FCPATH\index.php(59): CodeIgniter\Boot::bootWeb(Object(Config\Paths))
12 SYSTEMPATH\rewrite.php(44): require_once('C:\\Users\\acer\\Documents\\Project\\CI4\\penyewaan-kos\\public\\index.php')
DEBUG - 2025-07-03 00:59:27 --> Session: Class initialized using 'CodeIgniter\Session\Handlers\FileHandler' driver.
CRITICAL - 2025-07-03 00:59:27 --> ErrorException: Attempt to read property "metode_pembayaran" on null
[Method: GET, Route: cetak-struk-dp/2]
in APPPATH\Views\Cetak_struk_dp.php on line 119.
 1 APPPATH\Views\Cetak_struk_dp.php(119): CodeIgniter\Debug\Exceptions->errorHandler(2, 'Attempt to read property "metode_pembayaran" on null', 'C:\\Users\\acer\\Documents\\Project\\CI4\\penyewaan-kos\\app\\Views\\Cetak_struk_dp.php', 119)
 2 SYSTEMPATH\View\View.php(224): include('C:\\Users\\acer\\Documents\\Project\\CI4\\penyewaan-kos\\app\\Views\\Cetak_struk_dp.php')
 3 SYSTEMPATH\View\View.php(227): CodeIgniter\View\View->CodeIgniter\View\{closure}()
 4 SYSTEMPATH\Common.php(1173): CodeIgniter\View\View->render('Cetak_struk_dp', [], true)
 5 APPPATH\Controllers\Front_controller.php(210): view('Cetak_struk_dp', [...])
 6 SYSTEMPATH\CodeIgniter.php(933): App\Controllers\Front_controller->cetak_struk_dp()
 7 SYSTEMPATH\CodeIgniter.php(507): CodeIgniter\CodeIgniter->runController(Object(App\Controllers\Front_controller))
 8 SYSTEMPATH\CodeIgniter.php(354): CodeIgniter\CodeIgniter->handleRequest(null, Object(Config\Cache), false)
 9 SYSTEMPATH\Boot.php(334): CodeIgniter\CodeIgniter->run()
10 SYSTEMPATH\Boot.php(67): CodeIgniter\Boot::runCodeIgniter(Object(CodeIgniter\CodeIgniter))
11 FCPATH\index.php(59): CodeIgniter\Boot::bootWeb(Object(Config\Paths))
12 SYSTEMPATH\rewrite.php(44): require_once('C:\\Users\\acer\\Documents\\Project\\CI4\\penyewaan-kos\\public\\index.php')
DEBUG - 2025-07-03 01:00:48 --> Session: Class initialized using 'CodeIgniter\Session\Handlers\FileHandler' driver.
DEBUG - 2025-07-03 01:04:15 --> Session: Class initialized using 'CodeIgniter\Session\Handlers\FileHandler' driver.
CRITICAL - 2025-07-03 01:04:15 --> ErrorException: Attempt to read property "id_penyewa" on array
[Method: GET, Route: cetak-struk-dp/2]
in APPPATH\Controllers\Front_controller.php on line 200.
 1 APPPATH\Controllers\Front_controller.php(200): CodeIgniter\Debug\Exceptions->errorHandler(2, 'Attempt to read property "id_penyewa" on array', 'C:\\Users\\acer\\Documents\\Project\\CI4\\penyewaan-kos\\app\\Controllers\\Front_controller.php', 200)
 2 SYSTEMPATH\CodeIgniter.php(933): App\Controllers\Front_controller->cetak_struk_dp()
 3 SYSTEMPATH\CodeIgniter.php(507): CodeIgniter\CodeIgniter->runController(Object(App\Controllers\Front_controller))
 4 SYSTEMPATH\CodeIgniter.php(354): CodeIgniter\CodeIgniter->handleRequest(null, Object(Config\Cache), false)
 5 SYSTEMPATH\Boot.php(334): CodeIgniter\CodeIgniter->run()
 6 SYSTEMPATH\Boot.php(67): CodeIgniter\Boot::runCodeIgniter(Object(CodeIgniter\CodeIgniter))
 7 FCPATH\index.php(59): CodeIgniter\Boot::bootWeb(Object(Config\Paths))
 8 SYSTEMPATH\rewrite.php(44): require_once('C:\\Users\\acer\\Documents\\Project\\CI4\\penyewaan-kos\\public\\index.php')
DEBUG - 2025-07-03 01:06:31 --> Session: Class initialized using 'CodeIgniter\Session\Handlers\FileHandler' driver.
DEBUG - 2025-07-03 01:06:40 --> Session: Class initialized using 'CodeIgniter\Session\Handlers\FileHandler' driver.
DEBUG - 2025-07-03 01:06:53 --> Session: Class initialized using 'CodeIgniter\Session\Handlers\FileHandler' driver.
CRITICAL - 2025-07-03 01:06:53 --> ArgumentCountError: Too few arguments to function App\Controllers\Front_controller::cetak_struk_dp(), 0 passed in C:\Users\acer\Documents\Project\CI4\penyewaan-kos\vendor\codeigniter4\framework\system\CodeIgniter.php on line 933 and exactly 1 expected
[Method: GET, Route: cetak-struk-dp/2]
in APPPATH\Controllers\Front_controller.php on line 197.
 1 SYSTEMPATH\CodeIgniter.php(933): App\Controllers\Front_controller->cetak_struk_dp()
 2 SYSTEMPATH\CodeIgniter.php(507): CodeIgniter\CodeIgniter->runController(Object(App\Controllers\Front_controller))
 3 SYSTEMPATH\CodeIgniter.php(354): CodeIgniter\CodeIgniter->handleRequest(null, Object(Config\Cache), false)
 4 SYSTEMPATH\Boot.php(334): CodeIgniter\CodeIgniter->run()
 5 SYSTEMPATH\Boot.php(67): CodeIgniter\Boot::runCodeIgniter(Object(CodeIgniter\CodeIgniter))
 6 FCPATH\index.php(59): CodeIgniter\Boot::bootWeb(Object(Config\Paths))
 7 SYSTEMPATH\rewrite.php(44): require_once('C:\\Users\\acer\\Documents\\Project\\CI4\\penyewaan-kos\\public\\index.php')
DEBUG - 2025-07-03 01:07:25 --> Session: Class initialized using 'CodeIgniter\Session\Handlers\FileHandler' driver.
DEBUG - 2025-07-03 01:08:42 --> Session: Class initialized using 'CodeIgniter\Session\Handlers\FileHandler' driver.
DEBUG - 2025-07-03 01:08:43 --> Session: Class initialized using 'CodeIgniter\Session\Handlers\FileHandler' driver.
DEBUG - 2025-07-03 01:08:44 --> Session: Class initialized using 'CodeIgniter\Session\Handlers\FileHandler' driver.
DEBUG - 2025-07-03 01:08:44 --> Session: Class initialized using 'CodeIgniter\Session\Handlers\FileHandler' driver.
DEBUG - 2025-07-03 01:08:45 --> Session: Class initialized using 'CodeIgniter\Session\Handlers\FileHandler' driver.
DEBUG - 2025-07-03 01:09:06 --> Session: Class initialized using 'CodeIgniter\Session\Handlers\FileHandler' driver.
CRITICAL - 2025-07-03 01:09:06 --> ErrorException: Attempt to read property "id_penyewa" on array
[Method: GET, Route: cetak-struk-dp/2]
in APPPATH\Controllers\Front_controller.php on line 200.
 1 APPPATH\Controllers\Front_controller.php(200): CodeIgniter\Debug\Exceptions->errorHandler(2, 'Attempt to read property "id_penyewa" on array', 'C:\\Users\\acer\\Documents\\Project\\CI4\\penyewaan-kos\\app\\Controllers\\Front_controller.php', 200)
 2 SYSTEMPATH\CodeIgniter.php(933): App\Controllers\Front_controller->cetak_struk_dp()
 3 SYSTEMPATH\CodeIgniter.php(507): CodeIgniter\CodeIgniter->runController(Object(App\Controllers\Front_controller))
 4 SYSTEMPATH\CodeIgniter.php(354): CodeIgniter\CodeIgniter->handleRequest(null, Object(Config\Cache), false)
 5 SYSTEMPATH\Boot.php(334): CodeIgniter\CodeIgniter->run()
 6 SYSTEMPATH\Boot.php(67): CodeIgniter\Boot::runCodeIgniter(Object(CodeIgniter\CodeIgniter))
 7 FCPATH\index.php(59): CodeIgniter\Boot::bootWeb(Object(Config\Paths))
 8 SYSTEMPATH\rewrite.php(44): require_once('C:\\Users\\acer\\Documents\\Project\\CI4\\penyewaan-kos\\public\\index.php')
DEBUG - 2025-07-03 01:09:31 --> Session: Class initialized using 'CodeIgniter\Session\Handlers\FileHandler' driver.
CRITICAL - 2025-07-03 01:09:31 --> ErrorException: Attempt to read property "id_penyewa" on array
[Method: GET, Route: cetak-struk-dp/2]
in APPPATH\Controllers\Front_controller.php on line 200.
 1 APPPATH\Controllers\Front_controller.php(200): CodeIgniter\Debug\Exceptions->errorHandler(2, 'Attempt to read property "id_penyewa" on array', 'C:\\Users\\acer\\Documents\\Project\\CI4\\penyewaan-kos\\app\\Controllers\\Front_controller.php', 200)
 2 SYSTEMPATH\CodeIgniter.php(933): App\Controllers\Front_controller->cetak_struk_dp()
 3 SYSTEMPATH\CodeIgniter.php(507): CodeIgniter\CodeIgniter->runController(Object(App\Controllers\Front_controller))
 4 SYSTEMPATH\CodeIgniter.php(354): CodeIgniter\CodeIgniter->handleRequest(null, Object(Config\Cache), false)
 5 SYSTEMPATH\Boot.php(334): CodeIgniter\CodeIgniter->run()
 6 SYSTEMPATH\Boot.php(67): CodeIgniter\Boot::runCodeIgniter(Object(CodeIgniter\CodeIgniter))
 7 FCPATH\index.php(59): CodeIgniter\Boot::bootWeb(Object(Config\Paths))
 8 SYSTEMPATH\rewrite.php(44): require_once('C:\\Users\\acer\\Documents\\Project\\CI4\\penyewaan-kos\\public\\index.php')
DEBUG - 2025-07-03 01:09:43 --> Session: Class initialized using 'CodeIgniter\Session\Handlers\FileHandler' driver.
CRITICAL - 2025-07-03 01:09:43 --> ErrorException: Attempt to read property "id_penyewa" on array
[Method: GET, Route: cetak-struk-dp/2]
in APPPATH\Controllers\Front_controller.php on line 200.
 1 APPPATH\Controllers\Front_controller.php(200): CodeIgniter\Debug\Exceptions->errorHandler(2, 'Attempt to read property "id_penyewa" on array', 'C:\\Users\\acer\\Documents\\Project\\CI4\\penyewaan-kos\\app\\Controllers\\Front_controller.php', 200)
 2 SYSTEMPATH\CodeIgniter.php(933): App\Controllers\Front_controller->cetak_struk_dp()
 3 SYSTEMPATH\CodeIgniter.php(507): CodeIgniter\CodeIgniter->runController(Object(App\Controllers\Front_controller))
 4 SYSTEMPATH\CodeIgniter.php(354): CodeIgniter\CodeIgniter->handleRequest(null, Object(Config\Cache), false)
 5 SYSTEMPATH\Boot.php(334): CodeIgniter\CodeIgniter->run()
 6 SYSTEMPATH\Boot.php(67): CodeIgniter\Boot::runCodeIgniter(Object(CodeIgniter\CodeIgniter))
 7 FCPATH\index.php(59): CodeIgniter\Boot::bootWeb(Object(Config\Paths))
 8 SYSTEMPATH\rewrite.php(44): require_once('C:\\Users\\acer\\Documents\\Project\\CI4\\penyewaan-kos\\public\\index.php')
DEBUG - 2025-07-03 01:10:30 --> Session: Class initialized using 'CodeIgniter\Session\Handlers\FileHandler' driver.
DEBUG - 2025-07-03 01:12:57 --> Session: Class initialized using 'CodeIgniter\Session\Handlers\FileHandler' driver.
CRITICAL - 2025-07-03 01:12:57 --> ErrorException: Attempt to read property "id_penyewa" on array
[Method: GET, Route: cetak-struk-dp/2]
in APPPATH\Controllers\Front_controller.php on line 200.
 1 APPPATH\Controllers\Front_controller.php(200): CodeIgniter\Debug\Exceptions->errorHandler(2, 'Attempt to read property "id_penyewa" on array', 'C:\\Users\\acer\\Documents\\Project\\CI4\\penyewaan-kos\\app\\Controllers\\Front_controller.php', 200)
 2 SYSTEMPATH\CodeIgniter.php(933): App\Controllers\Front_controller->cetak_struk_dp()
 3 SYSTEMPATH\CodeIgniter.php(507): CodeIgniter\CodeIgniter->runController(Object(App\Controllers\Front_controller))
 4 SYSTEMPATH\CodeIgniter.php(354): CodeIgniter\CodeIgniter->handleRequest(null, Object(Config\Cache), false)
 5 SYSTEMPATH\Boot.php(334): CodeIgniter\CodeIgniter->run()
 6 SYSTEMPATH\Boot.php(67): CodeIgniter\Boot::runCodeIgniter(Object(CodeIgniter\CodeIgniter))
 7 FCPATH\index.php(59): CodeIgniter\Boot::bootWeb(Object(Config\Paths))
 8 SYSTEMPATH\rewrite.php(44): require_once('C:\\Users\\acer\\Documents\\Project\\CI4\\penyewaan-kos\\public\\index.php')
DEBUG - 2025-07-03 01:13:28 --> Session: Class initialized using 'CodeIgniter\Session\Handlers\FileHandler' driver.
CRITICAL - 2025-07-03 01:13:28 --> ErrorException: Attempt to read property "id_penyewa" on array
[Method: GET, Route: cetak-struk-dp/2]
in APPPATH\Controllers\Front_controller.php on line 200.
 1 APPPATH\Controllers\Front_controller.php(200): CodeIgniter\Debug\Exceptions->errorHandler(2, 'Attempt to read property "id_penyewa" on array', 'C:\\Users\\acer\\Documents\\Project\\CI4\\penyewaan-kos\\app\\Controllers\\Front_controller.php', 200)
 2 SYSTEMPATH\CodeIgniter.php(933): App\Controllers\Front_controller->cetak_struk_dp()
 3 SYSTEMPATH\CodeIgniter.php(507): CodeIgniter\CodeIgniter->runController(Object(App\Controllers\Front_controller))
 4 SYSTEMPATH\CodeIgniter.php(354): CodeIgniter\CodeIgniter->handleRequest(null, Object(Config\Cache), false)
 5 SYSTEMPATH\Boot.php(334): CodeIgniter\CodeIgniter->run()
 6 SYSTEMPATH\Boot.php(67): CodeIgniter\Boot::runCodeIgniter(Object(CodeIgniter\CodeIgniter))
 7 FCPATH\index.php(59): CodeIgniter\Boot::bootWeb(Object(Config\Paths))
 8 SYSTEMPATH\rewrite.php(44): require_once('C:\\Users\\acer\\Documents\\Project\\CI4\\penyewaan-kos\\public\\index.php')
DEBUG - 2025-07-03 01:14:00 --> Session: Class initialized using 'CodeIgniter\Session\Handlers\FileHandler' driver.
CRITICAL - 2025-07-03 01:14:00 --> ErrorException: Undefined array key "id_penyewa"
[Method: GET, Route: cetak-struk-dp/2]
in APPPATH\Controllers\Front_controller.php on line 200.
 1 APPPATH\Controllers\Front_controller.php(200): CodeIgniter\Debug\Exceptions->errorHandler(2, 'Undefined array key "id_penyewa"', 'C:\\Users\\acer\\Documents\\Project\\CI4\\penyewaan-kos\\app\\Controllers\\Front_controller.php', 200)
 2 SYSTEMPATH\CodeIgniter.php(933): App\Controllers\Front_controller->cetak_struk_dp()
 3 SYSTEMPATH\CodeIgniter.php(507): CodeIgniter\CodeIgniter->runController(Object(App\Controllers\Front_controller))
 4 SYSTEMPATH\CodeIgniter.php(354): CodeIgniter\CodeIgniter->handleRequest(null, Object(Config\Cache), false)
 5 SYSTEMPATH\Boot.php(334): CodeIgniter\CodeIgniter->run()
 6 SYSTEMPATH\Boot.php(67): CodeIgniter\Boot::runCodeIgniter(Object(CodeIgniter\CodeIgniter))
 7 FCPATH\index.php(59): CodeIgniter\Boot::bootWeb(Object(Config\Paths))
 8 SYSTEMPATH\rewrite.php(44): require_once('C:\\Users\\acer\\Documents\\Project\\CI4\\penyewaan-kos\\public\\index.php')
DEBUG - 2025-07-03 01:14:20 --> Session: Class initialized using 'CodeIgniter\Session\Handlers\FileHandler' driver.
CRITICAL - 2025-07-03 01:14:20 --> ErrorException: Attempt to read property "id_penyewa" on array
[Method: GET, Route: cetak-struk-dp/2]
in APPPATH\Controllers\Front_controller.php on line 200.
 1 APPPATH\Controllers\Front_controller.php(200): CodeIgniter\Debug\Exceptions->errorHandler(2, 'Attempt to read property "id_penyewa" on array', 'C:\\Users\\acer\\Documents\\Project\\CI4\\penyewaan-kos\\app\\Controllers\\Front_controller.php', 200)
 2 SYSTEMPATH\CodeIgniter.php(933): App\Controllers\Front_controller->cetak_struk_dp()
 3 SYSTEMPATH\CodeIgniter.php(507): CodeIgniter\CodeIgniter->runController(Object(App\Controllers\Front_controller))
 4 SYSTEMPATH\CodeIgniter.php(354): CodeIgniter\CodeIgniter->handleRequest(null, Object(Config\Cache), false)
 5 SYSTEMPATH\Boot.php(334): CodeIgniter\CodeIgniter->run()
 6 SYSTEMPATH\Boot.php(67): CodeIgniter\Boot::runCodeIgniter(Object(CodeIgniter\CodeIgniter))
 7 FCPATH\index.php(59): CodeIgniter\Boot::bootWeb(Object(Config\Paths))
 8 SYSTEMPATH\rewrite.php(44): require_once('C:\\Users\\acer\\Documents\\Project\\CI4\\penyewaan-kos\\public\\index.php')
DEBUG - 2025-07-03 01:14:32 --> Session: Class initialized using 'CodeIgniter\Session\Handlers\FileHandler' driver.
CRITICAL - 2025-07-03 01:14:32 --> Error: Call to a member function first() on array
[Method: GET, Route: cetak-struk-dp/2]
in APPPATH\Controllers\Front_controller.php on line 199.
 1 SYSTEMPATH\CodeIgniter.php(933): App\Controllers\Front_controller->cetak_struk_dp()
 2 SYSTEMPATH\CodeIgniter.php(507): CodeIgniter\CodeIgniter->runController(Object(App\Controllers\Front_controller))
 3 SYSTEMPATH\CodeIgniter.php(354): CodeIgniter\CodeIgniter->handleRequest(null, Object(Config\Cache), false)
 4 SYSTEMPATH\Boot.php(334): CodeIgniter\CodeIgniter->run()
 5 SYSTEMPATH\Boot.php(67): CodeIgniter\Boot::runCodeIgniter(Object(CodeIgniter\CodeIgniter))
 6 FCPATH\index.php(59): CodeIgniter\Boot::bootWeb(Object(Config\Paths))
 7 SYSTEMPATH\rewrite.php(44): require_once('C:\\Users\\acer\\Documents\\Project\\CI4\\penyewaan-kos\\public\\index.php')
DEBUG - 2025-07-03 01:15:17 --> Session: Class initialized using 'CodeIgniter\Session\Handlers\FileHandler' driver.
CRITICAL - 2025-07-03 01:15:17 --> ErrorException: Attempt to read property "id_penyewa" on array
[Method: GET, Route: cetak-struk-dp/2]
in APPPATH\Controllers\Front_controller.php on line 200.
 1 APPPATH\Controllers\Front_controller.php(200): CodeIgniter\Debug\Exceptions->errorHandler(2, 'Attempt to read property "id_penyewa" on array', 'C:\\Users\\acer\\Documents\\Project\\CI4\\penyewaan-kos\\app\\Controllers\\Front_controller.php', 200)
 2 SYSTEMPATH\CodeIgniter.php(933): App\Controllers\Front_controller->cetak_struk_dp()
 3 SYSTEMPATH\CodeIgniter.php(507): CodeIgniter\CodeIgniter->runController(Object(App\Controllers\Front_controller))
 4 SYSTEMPATH\CodeIgniter.php(354): CodeIgniter\CodeIgniter->handleRequest(null, Object(Config\Cache), false)
 5 SYSTEMPATH\Boot.php(334): CodeIgniter\CodeIgniter->run()
 6 SYSTEMPATH\Boot.php(67): CodeIgniter\Boot::runCodeIgniter(Object(CodeIgniter\CodeIgniter))
 7 FCPATH\index.php(59): CodeIgniter\Boot::bootWeb(Object(Config\Paths))
 8 SYSTEMPATH\rewrite.php(44): require_once('C:\\Users\\acer\\Documents\\Project\\CI4\\penyewaan-kos\\public\\index.php')
DEBUG - 2025-07-03 01:28:47 --> Session: Class initialized using 'CodeIgniter\Session\Handlers\FileHandler' driver.
CRITICAL - 2025-07-03 01:28:47 --> ArgumentCountError: Too few arguments to function App\Controllers\Front_controller::cetak_struk_dp(), 0 passed in C:\Users\acer\Documents\Project\CI4\penyewaan-kos\vendor\codeigniter4\framework\system\CodeIgniter.php on line 933 and exactly 1 expected
[Method: GET, Route: cetak-struk-dp/2]
in APPPATH\Controllers\Front_controller.php on line 197.
 1 SYSTEMPATH\CodeIgniter.php(933): App\Controllers\Front_controller->cetak_struk_dp()
 2 SYSTEMPATH\CodeIgniter.php(507): CodeIgniter\CodeIgniter->runController(Object(App\Controllers\Front_controller))
 3 SYSTEMPATH\CodeIgniter.php(354): CodeIgniter\CodeIgniter->handleRequest(null, Object(Config\Cache), false)
 4 SYSTEMPATH\Boot.php(334): CodeIgniter\CodeIgniter->run()
 5 SYSTEMPATH\Boot.php(67): CodeIgniter\Boot::runCodeIgniter(Object(CodeIgniter\CodeIgniter))
 6 FCPATH\index.php(59): CodeIgniter\Boot::bootWeb(Object(Config\Paths))
 7 SYSTEMPATH\rewrite.php(44): require_once('C:\\Users\\acer\\Documents\\Project\\CI4\\penyewaan-kos\\public\\index.php')
DEBUG - 2025-07-03 01:31:25 --> Session: Class initialized using 'CodeIgniter\Session\Handlers\FileHandler' driver.
CRITICAL - 2025-07-03 01:31:25 --> ErrorException: Attempt to read property "id_penyewa" on null
[Method: GET, Route: cetak-struk-dp/2]
in APPPATH\Controllers\Front_controller.php on line 200.
 1 APPPATH\Controllers\Front_controller.php(200): CodeIgniter\Debug\Exceptions->errorHandler(2, 'Attempt to read property "id_penyewa" on null', 'C:\\Users\\acer\\Documents\\Project\\CI4\\penyewaan-kos\\app\\Controllers\\Front_controller.php', 200)
 2 SYSTEMPATH\CodeIgniter.php(933): App\Controllers\Front_controller->cetak_struk_dp()
 3 SYSTEMPATH\CodeIgniter.php(507): CodeIgniter\CodeIgniter->runController(Object(App\Controllers\Front_controller))
 4 SYSTEMPATH\CodeIgniter.php(354): CodeIgniter\CodeIgniter->handleRequest(null, Object(Config\Cache), false)
 5 SYSTEMPATH\Boot.php(334): CodeIgniter\CodeIgniter->run()
 6 SYSTEMPATH\Boot.php(67): CodeIgniter\Boot::runCodeIgniter(Object(CodeIgniter\CodeIgniter))
 7 FCPATH\index.php(59): CodeIgniter\Boot::bootWeb(Object(Config\Paths))
 8 SYSTEMPATH\rewrite.php(44): require_once('C:\\Users\\acer\\Documents\\Project\\CI4\\penyewaan-kos\\public\\index.php')
DEBUG - 2025-07-03 01:32:06 --> Session: Class initialized using 'CodeIgniter\Session\Handlers\FileHandler' driver.
CRITICAL - 2025-07-03 01:32:06 --> ErrorException: Attempt to read property "id_penyewa" on null
[Method: GET, Route: cetak-struk-dp/2]
in APPPATH\Controllers\Front_controller.php on line 201.
 1 APPPATH\Controllers\Front_controller.php(201): CodeIgniter\Debug\Exceptions->errorHandler(2, 'Attempt to read property "id_penyewa" on null', 'C:\\Users\\acer\\Documents\\Project\\CI4\\penyewaan-kos\\app\\Controllers\\Front_controller.php', 201)
 2 SYSTEMPATH\CodeIgniter.php(933): App\Controllers\Front_controller->cetak_struk_dp()
 3 SYSTEMPATH\CodeIgniter.php(507): CodeIgniter\CodeIgniter->runController(Object(App\Controllers\Front_controller))
 4 SYSTEMPATH\CodeIgniter.php(354): CodeIgniter\CodeIgniter->handleRequest(null, Object(Config\Cache), false)
 5 SYSTEMPATH\Boot.php(334): CodeIgniter\CodeIgniter->run()
 6 SYSTEMPATH\Boot.php(67): CodeIgniter\Boot::runCodeIgniter(Object(CodeIgniter\CodeIgniter))
 7 FCPATH\index.php(59): CodeIgniter\Boot::bootWeb(Object(Config\Paths))
 8 SYSTEMPATH\rewrite.php(44): require_once('C:\\Users\\acer\\Documents\\Project\\CI4\\penyewaan-kos\\public\\index.php')
DEBUG - 2025-07-03 01:32:53 --> Session: Class initialized using 'CodeIgniter\Session\Handlers\FileHandler' driver.
DEBUG - 2025-07-03 01:33:34 --> Session: Class initialized using 'CodeIgniter\Session\Handlers\FileHandler' driver.
DEBUG - 2025-07-03 01:34:56 --> Session: Class initialized using 'CodeIgniter\Session\Handlers\FileHandler' driver.
DEBUG - 2025-07-03 01:35:32 --> Session: Class initialized using 'CodeIgniter\Session\Handlers\FileHandler' driver.
DEBUG - 2025-07-03 01:36:51 --> Session: Class initialized using 'CodeIgniter\Session\Handlers\FileHandler' driver.
DEBUG - 2025-07-03 01:37:05 --> Session: Class initialized using 'CodeIgniter\Session\Handlers\FileHandler' driver.
DEBUG - 2025-07-03 01:37:06 --> Session: Class initialized using 'CodeIgniter\Session\Handlers\FileHandler' driver.
DEBUG - 2025-07-03 01:37:06 --> Session: Class initialized using 'CodeIgniter\Session\Handlers\FileHandler' driver.
DEBUG - 2025-07-03 01:37:07 --> Session: Class initialized using 'CodeIgniter\Session\Handlers\FileHandler' driver.
DEBUG - 2025-07-03 01:37:13 --> Session: Class initialized using 'CodeIgniter\Session\Handlers\FileHandler' driver.
DEBUG - 2025-07-03 01:37:15 --> Session: Class initialized using 'CodeIgniter\Session\Handlers\FileHandler' driver.
DEBUG - 2025-07-03 01:37:17 --> Session: Class initialized using 'CodeIgniter\Session\Handlers\FileHandler' driver.
DEBUG - 2025-07-03 01:37:17 --> Session: Class initialized using 'CodeIgniter\Session\Handlers\FileHandler' driver.
DEBUG - 2025-07-03 01:37:17 --> Session: Class initialized using 'CodeIgniter\Session\Handlers\FileHandler' driver.
DEBUG - 2025-07-03 01:38:07 --> Session: Class initialized using 'CodeIgniter\Session\Handlers\FileHandler' driver.
DEBUG - 2025-07-03 01:39:04 --> Session: Class initialized using 'CodeIgniter\Session\Handlers\FileHandler' driver.
DEBUG - 2025-07-03 01:39:28 --> Session: Class initialized using 'CodeIgniter\Session\Handlers\FileHandler' driver.
DEBUG - 2025-07-03 01:39:36 --> Session: Class initialized using 'CodeIgniter\Session\Handlers\FileHandler' driver.
DEBUG - 2025-07-03 01:40:36 --> Session: Class initialized using 'CodeIgniter\Session\Handlers\FileHandler' driver.
DEBUG - 2025-07-03 01:40:38 --> Session: Class initialized using 'CodeIgniter\Session\Handlers\FileHandler' driver.
CRITICAL - 2025-07-03 01:40:38 --> ArgumentCountError: Too few arguments to function App\Controllers\Front_controller::cetak_struk_dp(), 0 passed in C:\Users\acer\Documents\Project\CI4\penyewaan-kos\vendor\codeigniter4\framework\system\CodeIgniter.php on line 933 and exactly 1 expected
[Method: GET, Route: cetak-struk-dp/2]
in APPPATH\Controllers\Front_controller.php on line 197.
 1 SYSTEMPATH\CodeIgniter.php(933): App\Controllers\Front_controller->cetak_struk_dp()
 2 SYSTEMPATH\CodeIgniter.php(507): CodeIgniter\CodeIgniter->runController(Object(App\Controllers\Front_controller))
 3 SYSTEMPATH\CodeIgniter.php(354): CodeIgniter\CodeIgniter->handleRequest(null, Object(Config\Cache), false)
 4 SYSTEMPATH\Boot.php(334): CodeIgniter\CodeIgniter->run()
 5 SYSTEMPATH\Boot.php(67): CodeIgniter\Boot::runCodeIgniter(Object(CodeIgniter\CodeIgniter))
 6 FCPATH\index.php(59): CodeIgniter\Boot::bootWeb(Object(Config\Paths))
 7 SYSTEMPATH\rewrite.php(44): require_once('C:\\Users\\acer\\Documents\\Project\\CI4\\penyewaan-kos\\public\\index.php')
DEBUG - 2025-07-03 01:43:09 --> Session: Class initialized using 'CodeIgniter\Session\Handlers\FileHandler' driver.
CRITICAL - 2025-07-03 01:43:09 --> ArgumentCountError: Too few arguments to function App\Controllers\Front_controller::cetak_struk_dp(), 0 passed in C:\Users\acer\Documents\Project\CI4\penyewaan-kos\vendor\codeigniter4\framework\system\CodeIgniter.php on line 933 and exactly 1 expected
[Method: GET, Route: cetak-struk-dp/2]
in APPPATH\Controllers\Front_controller.php on line 197.
 1 SYSTEMPATH\CodeIgniter.php(933): App\Controllers\Front_controller->cetak_struk_dp()
 2 SYSTEMPATH\CodeIgniter.php(507): CodeIgniter\CodeIgniter->runController(Object(App\Controllers\Front_controller))
 3 SYSTEMPATH\CodeIgniter.php(354): CodeIgniter\CodeIgniter->handleRequest(null, Object(Config\Cache), false)
 4 SYSTEMPATH\Boot.php(334): CodeIgniter\CodeIgniter->run()
 5 SYSTEMPATH\Boot.php(67): CodeIgniter\Boot::runCodeIgniter(Object(CodeIgniter\CodeIgniter))
 6 FCPATH\index.php(59): CodeIgniter\Boot::bootWeb(Object(Config\Paths))
 7 SYSTEMPATH\rewrite.php(44): require_once('C:\\Users\\acer\\Documents\\Project\\CI4\\penyewaan-kos\\public\\index.php')
CRITICAL - 2025-07-03 01:43:28 --> ParseError: syntax error, unexpected token "{", expecting "function" or "const"
[Method: GET, Route: cetak-struk-dp/2]
in APPPATH\Controllers\Front_controller.php on line 236.
 1 VENDORPATH\composer\ClassLoader.php(427): Composer\Autoload\{closure}('C:\\Users\\acer\\Documents\\Project\\CI4\\penyewaan-kos\\vendor\\composer/../../app\\Controllers\\Front_controller.php')
 2 [internal function]: Composer\Autoload\ClassLoader->loadClass('App\\Controllers\\Front_controller')
 3 SYSTEMPATH\CodeIgniter.php(885): class_exists('\\App\\Controllers\\Front_controller', true)
 4 SYSTEMPATH\CodeIgniter.php(494): CodeIgniter\CodeIgniter->startController()
 5 SYSTEMPATH\CodeIgniter.php(354): CodeIgniter\CodeIgniter->handleRequest(null, Object(Config\Cache), false)
 6 SYSTEMPATH\Boot.php(334): CodeIgniter\CodeIgniter->run()
 7 SYSTEMPATH\Boot.php(67): CodeIgniter\Boot::runCodeIgniter(Object(CodeIgniter\CodeIgniter))
 8 FCPATH\index.php(59): CodeIgniter\Boot::bootWeb(Object(Config\Paths))
 9 SYSTEMPATH\rewrite.php(44): require_once('C:\\Users\\acer\\Documents\\Project\\CI4\\penyewaan-kos\\public\\index.php')
DEBUG - 2025-07-03 01:43:43 --> Session: Class initialized using 'CodeIgniter\Session\Handlers\FileHandler' driver.
DEBUG - 2025-07-03 01:46:15 --> Session: Class initialized using 'CodeIgniter\Session\Handlers\FileHandler' driver.
DEBUG - 2025-07-03 01:46:20 --> Session: Class initialized using 'CodeIgniter\Session\Handlers\FileHandler' driver.
CRITICAL - 2025-07-03 01:46:20 --> ErrorException: Attempt to read property "id_penyewa" on array
[Method: GET, Route: cetak-struk-dp/2]
in APPPATH\Controllers\Front_controller.php on line 200.
 1 APPPATH\Controllers\Front_controller.php(200): CodeIgniter\Debug\Exceptions->errorHandler(2, 'Attempt to read property "id_penyewa" on array', 'C:\\Users\\acer\\Documents\\Project\\CI4\\penyewaan-kos\\app\\Controllers\\Front_controller.php', 200)
 2 SYSTEMPATH\CodeIgniter.php(933): App\Controllers\Front_controller->cetak_struk_dp('2')
 3 SYSTEMPATH\CodeIgniter.php(507): CodeIgniter\CodeIgniter->runController(Object(App\Controllers\Front_controller))
 4 SYSTEMPATH\CodeIgniter.php(354): CodeIgniter\CodeIgniter->handleRequest(null, Object(Config\Cache), false)
 5 SYSTEMPATH\Boot.php(334): CodeIgniter\CodeIgniter->run()
 6 SYSTEMPATH\Boot.php(67): CodeIgniter\Boot::runCodeIgniter(Object(CodeIgniter\CodeIgniter))
 7 FCPATH\index.php(59): CodeIgniter\Boot::bootWeb(Object(Config\Paths))
 8 SYSTEMPATH\rewrite.php(44): require_once('C:\\Users\\acer\\Documents\\Project\\CI4\\penyewaan-kos\\public\\index.php')
DEBUG - 2025-07-03 01:46:34 --> Session: Class initialized using 'CodeIgniter\Session\Handlers\FileHandler' driver.
DEBUG - 2025-07-03 01:47:36 --> Session: Class initialized using 'CodeIgniter\Session\Handlers\FileHandler' driver.
DEBUG - 2025-07-03 01:47:44 --> Session: Class initialized using 'CodeIgniter\Session\Handlers\FileHandler' driver.
DEBUG - 2025-07-03 01:51:47 --> Session: Class initialized using 'CodeIgniter\Session\Handlers\FileHandler' driver.
CRITICAL - 2025-07-03 01:51:47 --> ErrorException: Undefined variable $dataSewa
[Method: GET, Route: cetak-struk-dp/2]
in APPPATH\Views\Cetak_struk_dp.php on line 108.
 1 APPPATH\Views\Cetak_struk_dp.php(108): CodeIgniter\Debug\Exceptions->errorHandler(2, 'Undefined variable $dataSewa', 'C:\\Users\\acer\\Documents\\Project\\CI4\\penyewaan-kos\\app\\Views\\Cetak_struk_dp.php', 108)
 2 SYSTEMPATH\View\View.php(224): include('C:\\Users\\acer\\Documents\\Project\\CI4\\penyewaan-kos\\app\\Views\\Cetak_struk_dp.php')
 3 SYSTEMPATH\View\View.php(227): CodeIgniter\View\View->CodeIgniter\View\{closure}()
 4 SYSTEMPATH\Common.php(1173): CodeIgniter\View\View->render('Cetak_struk_dp', [], true)
 5 APPPATH\Controllers\Front_controller.php(214): view('Cetak_struk_dp', [...])
 6 SYSTEMPATH\CodeIgniter.php(933): App\Controllers\Front_controller->cetak_struk_dp('2')
 7 SYSTEMPATH\CodeIgniter.php(507): CodeIgniter\CodeIgniter->runController(Object(App\Controllers\Front_controller))
 8 SYSTEMPATH\CodeIgniter.php(354): CodeIgniter\CodeIgniter->handleRequest(null, Object(Config\Cache), false)
 9 SYSTEMPATH\Boot.php(334): CodeIgniter\CodeIgniter->run()
10 SYSTEMPATH\Boot.php(67): CodeIgniter\Boot::runCodeIgniter(Object(CodeIgniter\CodeIgniter))
11 FCPATH\index.php(59): CodeIgniter\Boot::bootWeb(Object(Config\Paths))
12 SYSTEMPATH\rewrite.php(44): require_once('C:\\Users\\acer\\Documents\\Project\\CI4\\penyewaan-kos\\public\\index.php')
DEBUG - 2025-07-03 01:52:14 --> Session: Class initialized using 'CodeIgniter\Session\Handlers\FileHandler' driver.
CRITICAL - 2025-07-03 01:52:14 --> ErrorException: Undefined variable $dataPembayaran
[Method: GET, Route: cetak-struk-dp/2]
in APPPATH\Views\Cetak_struk_dp.php on line 108.
 1 APPPATH\Views\Cetak_struk_dp.php(108): CodeIgniter\Debug\Exceptions->errorHandler(2, 'Undefined variable $dataPembayaran', 'C:\\Users\\acer\\Documents\\Project\\CI4\\penyewaan-kos\\app\\Views\\Cetak_struk_dp.php', 108)
 2 SYSTEMPATH\View\View.php(224): include('C:\\Users\\acer\\Documents\\Project\\CI4\\penyewaan-kos\\app\\Views\\Cetak_struk_dp.php')
 3 SYSTEMPATH\View\View.php(227): CodeIgniter\View\View->CodeIgniter\View\{closure}()
 4 SYSTEMPATH\Common.php(1173): CodeIgniter\View\View->render('Cetak_struk_dp', [], true)
 5 APPPATH\Controllers\Front_controller.php(214): view('Cetak_struk_dp', [...])
 6 SYSTEMPATH\CodeIgniter.php(933): App\Controllers\Front_controller->cetak_struk_dp('2')
 7 SYSTEMPATH\CodeIgniter.php(507): CodeIgniter\CodeIgniter->runController(Object(App\Controllers\Front_controller))
 8 SYSTEMPATH\CodeIgniter.php(354): CodeIgniter\CodeIgniter->handleRequest(null, Object(Config\Cache), false)
 9 SYSTEMPATH\Boot.php(334): CodeIgniter\CodeIgniter->run()
10 SYSTEMPATH\Boot.php(67): CodeIgniter\Boot::runCodeIgniter(Object(CodeIgniter\CodeIgniter))
11 FCPATH\index.php(59): CodeIgniter\Boot::bootWeb(Object(Config\Paths))
12 SYSTEMPATH\rewrite.php(44): require_once('C:\\Users\\acer\\Documents\\Project\\CI4\\penyewaan-kos\\public\\index.php')
DEBUG - 2025-07-03 01:52:25 --> Session: Class initialized using 'CodeIgniter\Session\Handlers\FileHandler' driver.
CRITICAL - 2025-07-03 01:52:25 --> ErrorException: Undefined property: stdClass::$total
[Method: GET, Route: cetak-struk-dp/2]
in APPPATH\Views\Cetak_struk_dp.php on line 112.
 1 APPPATH\Views\Cetak_struk_dp.php(112): CodeIgniter\Debug\Exceptions->errorHandler(2, 'Undefined property: stdClass::$total', 'C:\\Users\\acer\\Documents\\Project\\CI4\\penyewaan-kos\\app\\Views\\Cetak_struk_dp.php', 112)
 2 SYSTEMPATH\View\View.php(224): include('C:\\Users\\acer\\Documents\\Project\\CI4\\penyewaan-kos\\app\\Views\\Cetak_struk_dp.php')
 3 SYSTEMPATH\View\View.php(227): CodeIgniter\View\View->CodeIgniter\View\{closure}()
 4 SYSTEMPATH\Common.php(1173): CodeIgniter\View\View->render('Cetak_struk_dp', [], true)
 5 APPPATH\Controllers\Front_controller.php(214): view('Cetak_struk_dp', [...])
 6 SYSTEMPATH\CodeIgniter.php(933): App\Controllers\Front_controller->cetak_struk_dp('2')
 7 SYSTEMPATH\CodeIgniter.php(507): CodeIgniter\CodeIgniter->runController(Object(App\Controllers\Front_controller))
 8 SYSTEMPATH\CodeIgniter.php(354): CodeIgniter\CodeIgniter->handleRequest(null, Object(Config\Cache), false)
 9 SYSTEMPATH\Boot.php(334): CodeIgniter\CodeIgniter->run()
10 SYSTEMPATH\Boot.php(67): CodeIgniter\Boot::runCodeIgniter(Object(CodeIgniter\CodeIgniter))
11 FCPATH\index.php(59): CodeIgniter\Boot::bootWeb(Object(Config\Paths))
12 SYSTEMPATH\rewrite.php(44): require_once('C:\\Users\\acer\\Documents\\Project\\CI4\\penyewaan-kos\\public\\index.php')
DEBUG - 2025-07-03 01:52:32 --> Session: Class initialized using 'CodeIgniter\Session\Handlers\FileHandler' driver.
DEBUG - 2025-07-03 01:53:06 --> Session: Class initialized using 'CodeIgniter\Session\Handlers\FileHandler' driver.
DEBUG - 2025-07-03 01:54:09 --> Session: Class initialized using 'CodeIgniter\Session\Handlers\FileHandler' driver.
DEBUG - 2025-07-03 01:55:09 --> Session: Class initialized using 'CodeIgniter\Session\Handlers\FileHandler' driver.
DEBUG - 2025-07-03 01:55:10 --> Session: Class initialized using 'CodeIgniter\Session\Handlers\FileHandler' driver.
DEBUG - 2025-07-03 02:00:21 --> Session: Class initialized using 'CodeIgniter\Session\Handlers\FileHandler' driver.
DEBUG - 2025-07-03 02:00:32 --> Session: Class initialized using 'CodeIgniter\Session\Handlers\FileHandler' driver.
DEBUG - 2025-07-03 02:00:32 --> Session: Class initialized using 'CodeIgniter\Session\Handlers\FileHandler' driver.
DEBUG - 2025-07-03 02:00:43 --> Session: Class initialized using 'CodeIgniter\Session\Handlers\FileHandler' driver.
DEBUG - 2025-07-03 02:00:48 --> Session: Class initialized using 'CodeIgniter\Session\Handlers\FileHandler' driver.
DEBUG - 2025-07-03 02:00:48 --> Session: Class initialized using 'CodeIgniter\Session\Handlers\FileHandler' driver.
DEBUG - 2025-07-03 02:00:51 --> Session: Class initialized using 'CodeIgniter\Session\Handlers\FileHandler' driver.
DEBUG - 2025-07-03 02:02:47 --> Session: Class initialized using 'CodeIgniter\Session\Handlers\FileHandler' driver.
DEBUG - 2025-07-03 02:06:50 --> Session: Class initialized using 'CodeIgniter\Session\Handlers\FileHandler' driver.
DEBUG - 2025-07-03 02:09:22 --> Session: Class initialized using 'CodeIgniter\Session\Handlers\FileHandler' driver.
DEBUG - 2025-07-03 02:09:47 --> Session: Class initialized using 'CodeIgniter\Session\Handlers\FileHandler' driver.
DEBUG - 2025-07-03 02:09:59 --> Session: Class initialized using 'CodeIgniter\Session\Handlers\FileHandler' driver.
DEBUG - 2025-07-03 04:51:52 --> Session: Class initialized using 'CodeIgniter\Session\Handlers\FileHandler' driver.
DEBUG - 2025-07-03 04:51:57 --> Session: Class initialized using 'CodeIgniter\Session\Handlers\FileHandler' driver.
DEBUG - 2025-07-03 04:52:59 --> Session: Class initialized using 'CodeIgniter\Session\Handlers\FileHandler' driver.
DEBUG - 2025-07-03 04:53:00 --> Session: Class initialized using 'CodeIgniter\Session\Handlers\FileHandler' driver.
DEBUG - 2025-07-03 04:53:07 --> Session: Class initialized using 'CodeIgniter\Session\Handlers\FileHandler' driver.
DEBUG - 2025-07-03 05:02:54 --> Session: Class initialized using 'CodeIgniter\Session\Handlers\FileHandler' driver.
DEBUG - 2025-07-03 05:03:10 --> Session: Class initialized using 'CodeIgniter\Session\Handlers\FileHandler' driver.
DEBUG - 2025-07-03 05:04:05 --> Session: Class initialized using 'CodeIgniter\Session\Handlers\FileHandler' driver.
DEBUG - 2025-07-03 05:04:06 --> Session: Class initialized using 'CodeIgniter\Session\Handlers\FileHandler' driver.
DEBUG - 2025-07-03 05:04:37 --> Session: Class initialized using 'CodeIgniter\Session\Handlers\FileHandler' driver.
DEBUG - 2025-07-03 05:05:17 --> Session: Class initialized using 'CodeIgniter\Session\Handlers\FileHandler' driver.
DEBUG - 2025-07-03 05:05:22 --> Session: Class initialized using 'CodeIgniter\Session\Handlers\FileHandler' driver.
DEBUG - 2025-07-03 05:05:28 --> Session: Class initialized using 'CodeIgniter\Session\Handlers\FileHandler' driver.
DEBUG - 2025-07-03 05:05:28 --> Session: Class initialized using 'CodeIgniter\Session\Handlers\FileHandler' driver.
DEBUG - 2025-07-03 05:05:32 --> Session: Class initialized using 'CodeIgniter\Session\Handlers\FileHandler' driver.
DEBUG - 2025-07-03 05:06:01 --> Session: Class initialized using 'CodeIgniter\Session\Handlers\FileHandler' driver.
DEBUG - 2025-07-03 05:06:34 --> Session: Class initialized using 'CodeIgniter\Session\Handlers\FileHandler' driver.
DEBUG - 2025-07-03 05:06:37 --> Session: Class initialized using 'CodeIgniter\Session\Handlers\FileHandler' driver.
DEBUG - 2025-07-03 05:06:40 --> Session: Class initialized using 'CodeIgniter\Session\Handlers\FileHandler' driver.
DEBUG - 2025-07-03 05:08:18 --> Session: Class initialized using 'CodeIgniter\Session\Handlers\FileHandler' driver.
DEBUG - 2025-07-03 05:08:20 --> Session: Class initialized using 'CodeIgniter\Session\Handlers\FileHandler' driver.
DEBUG - 2025-07-03 05:09:45 --> Session: Class initialized using 'CodeIgniter\Session\Handlers\FileHandler' driver.
DEBUG - 2025-07-03 05:09:45 --> Session: Class initialized using 'CodeIgniter\Session\Handlers\FileHandler' driver.
DEBUG - 2025-07-03 05:09:48 --> Session: Class initialized using 'CodeIgniter\Session\Handlers\FileHandler' driver.
DEBUG - 2025-07-03 05:09:59 --> Session: Class initialized using 'CodeIgniter\Session\Handlers\FileHandler' driver.
DEBUG - 2025-07-03 05:09:59 --> Session: Class initialized using 'CodeIgniter\Session\Handlers\FileHandler' driver.
DEBUG - 2025-07-03 05:10:07 --> Session: Class initialized using 'CodeIgniter\Session\Handlers\FileHandler' driver.
DEBUG - 2025-07-03 05:10:26 --> Session: Class initialized using 'CodeIgniter\Session\Handlers\FileHandler' driver.
DEBUG - 2025-07-03 05:10:26 --> Session: Class initialized using 'CodeIgniter\Session\Handlers\FileHandler' driver.
DEBUG - 2025-07-03 05:26:14 --> Session: Class initialized using 'CodeIgniter\Session\Handlers\FileHandler' driver.
DEBUG - 2025-07-03 05:27:37 --> Session: Class initialized using 'CodeIgniter\Session\Handlers\FileHandler' driver.
DEBUG - 2025-07-03 05:27:40 --> Session: Class initialized using 'CodeIgniter\Session\Handlers\FileHandler' driver.
DEBUG - 2025-07-03 05:27:40 --> Session: Class initialized using 'CodeIgniter\Session\Handlers\FileHandler' driver.
DEBUG - 2025-07-03 05:29:29 --> Session: Class initialized using 'CodeIgniter\Session\Handlers\FileHandler' driver.
DEBUG - 2025-07-03 05:31:55 --> Session: Class initialized using 'CodeIgniter\Session\Handlers\FileHandler' driver.
DEBUG - 2025-07-03 05:33:06 --> Session: Class initialized using 'CodeIgniter\Session\Handlers\FileHandler' driver.
DEBUG - 2025-07-03 05:33:30 --> Session: Class initialized using 'CodeIgniter\Session\Handlers\FileHandler' driver.
DEBUG - 2025-07-03 05:33:30 --> Session: Class initialized using 'CodeIgniter\Session\Handlers\FileHandler' driver.
DEBUG - 2025-07-03 05:33:35 --> Session: Class initialized using 'CodeIgniter\Session\Handlers\FileHandler' driver.
DEBUG - 2025-07-03 05:35:10 --> Session: Class initialized using 'CodeIgniter\Session\Handlers\FileHandler' driver.
DEBUG - 2025-07-03 05:35:10 --> Session: Class initialized using 'CodeIgniter\Session\Handlers\FileHandler' driver.
DEBUG - 2025-07-03 05:58:06 --> Session: Class initialized using 'CodeIgniter\Session\Handlers\FileHandler' driver.
DEBUG - 2025-07-03 05:58:23 --> Session: Class initialized using 'CodeIgniter\Session\Handlers\FileHandler' driver.
DEBUG - 2025-07-03 05:59:11 --> Session: Class initialized using 'CodeIgniter\Session\Handlers\FileHandler' driver.
DEBUG - 2025-07-03 05:59:41 --> Session: Class initialized using 'CodeIgniter\Session\Handlers\FileHandler' driver.
DEBUG - 2025-07-03 06:06:18 --> Session: Class initialized using 'CodeIgniter\Session\Handlers\FileHandler' driver.
DEBUG - 2025-07-03 06:07:55 --> Session: Class initialized using 'CodeIgniter\Session\Handlers\FileHandler' driver.
DEBUG - 2025-07-03 06:08:06 --> Session: Class initialized using 'CodeIgniter\Session\Handlers\FileHandler' driver.
DEBUG - 2025-07-03 06:08:27 --> Session: Class initialized using 'CodeIgniter\Session\Handlers\FileHandler' driver.
DEBUG - 2025-07-03 06:16:15 --> Session: Class initialized using 'CodeIgniter\Session\Handlers\FileHandler' driver.
DEBUG - 2025-07-03 06:16:45 --> Session: Class initialized using 'CodeIgniter\Session\Handlers\FileHandler' driver.
DEBUG - 2025-07-03 06:21:18 --> Session: Class initialized using 'CodeIgniter\Session\Handlers\FileHandler' driver.
DEBUG - 2025-07-03 06:27:28 --> Session: Class initialized using 'CodeIgniter\Session\Handlers\FileHandler' driver.
DEBUG - 2025-07-03 06:29:34 --> Session: Class initialized using 'CodeIgniter\Session\Handlers\FileHandler' driver.
DEBUG - 2025-07-03 06:36:29 --> Session: Class initialized using 'CodeIgniter\Session\Handlers\FileHandler' driver.
ERROR - 2025-07-03 06:36:35 --> mysqli_sql_exception: Unknown column 'sewa_kamar.nama_kamar' in 'field list' in C:\Users\acer\Documents\Project\CI4\penyewaan-kos\vendor\codeigniter4\framework\system\Database\MySQLi\Connection.php:327
Stack trace:
#0 C:\Users\acer\Documents\Project\CI4\penyewaan-kos\vendor\codeigniter4\framework\system\Database\MySQLi\Connection.php(327): mysqli->query('SELECT `pembaya...', 0)
#1 C:\Users\acer\Documents\Project\CI4\penyewaan-kos\vendor\codeigniter4\framework\system\Database\BaseConnection.php(738): CodeIgniter\Database\MySQLi\Connection->execute('SELECT `pembaya...')
#2 C:\Users\acer\Documents\Project\CI4\penyewaan-kos\vendor\codeigniter4\framework\system\Database\BaseConnection.php(652): CodeIgniter\Database\BaseConnection->simpleQuery('SELECT `pembaya...')
#3 C:\Users\acer\Documents\Project\CI4\penyewaan-kos\vendor\codeigniter4\framework\system\Database\BaseBuilder.php(1649): CodeIgniter\Database\BaseConnection->query('SELECT `pembaya...', Array, false)
#4 C:\Users\acer\Documents\Project\CI4\penyewaan-kos\vendor\codeigniter4\framework\system\Model.php(286): CodeIgniter\Database\BaseBuilder->get()
#5 C:\Users\acer\Documents\Project\CI4\penyewaan-kos\vendor\codeigniter4\framework\system\BaseModel.php(679): CodeIgniter\Model->doFindAll(0, 0)
#6 C:\Users\acer\Documents\Project\CI4\penyewaan-kos\app\Models\Pembayaran_model.php(21): CodeIgniter\BaseModel->findAll()
#7 C:\Users\acer\Documents\Project\CI4\penyewaan-kos\app\Controllers\Laporan_controller.php(67): App\Models\Pembayaran_model->get_lap_pembayaran('2025-07-01', '2025-07-03')
#8 C:\Users\acer\Documents\Project\CI4\penyewaan-kos\vendor\codeigniter4\framework\system\CodeIgniter.php(933): App\Controllers\Laporan_controller->laporan_pembayaran()
#9 C:\Users\acer\Documents\Project\CI4\penyewaan-kos\vendor\codeigniter4\framework\system\CodeIgniter.php(507): CodeIgniter\CodeIgniter->runController(Object(App\Controllers\Laporan_controller))
#10 C:\Users\acer\Documents\Project\CI4\penyewaan-kos\vendor\codeigniter4\framework\system\CodeIgniter.php(354): CodeIgniter\CodeIgniter->handleRequest(NULL, Object(Config\Cache), false)
#11 C:\Users\acer\Documents\Project\CI4\penyewaan-kos\vendor\codeigniter4\framework\system\Boot.php(334): CodeIgniter\CodeIgniter->run()
#12 C:\Users\acer\Documents\Project\CI4\penyewaan-kos\vendor\codeigniter4\framework\system\Boot.php(67): CodeIgniter\Boot::runCodeIgniter(Object(CodeIgniter\CodeIgniter))
#13 C:\Users\acer\Documents\Project\CI4\penyewaan-kos\public\index.php(59): CodeIgniter\Boot::bootWeb(Object(Config\Paths))
#14 C:\Users\acer\Documents\Project\CI4\penyewaan-kos\vendor\codeigniter4\framework\system\rewrite.php(44): require_once('C:\\Users\\acer\\D...')
#15 {main}
CRITICAL - 2025-07-03 06:36:35 --> CodeIgniter\Database\Exceptions\DatabaseException: Unknown column 'sewa_kamar.nama_kamar' in 'field list'
[Method: POST, Route: laporan-pembayaran]
in SYSTEMPATH\Database\BaseConnection.php on line 692.
 1 SYSTEMPATH\Database\BaseBuilder.php(1649): CodeIgniter\Database\BaseConnection->query('SELECT `pembayaran`.*, `penyewa`.`nama_penyewa`, `sewa_kamar`.`nama_kamar`, `sewa_kamar`.`tanggal_masuk`, `sewa_kamar`.`tanggal_keluar`, `sewa_kamar`.`lama_sewa`, `sewa_kamar`.`total_harga`, `sewa_kamar`.`status_pembayaran`, `sewa_kamar`.`status`
FROM `pembayaran`
JOIN `sewa_kamar` ON `sewa_kamar`.`id` = `pembayaran`.`id_sewa_kamar`
JOIN `penyewa` ON `penyewa`.`id` = `sewa_kamar`.`id_penyewa`
WHERE `tanggal_pembayaran` >= :tanggal_pembayaran:
AND `tanggal_pembayaran` <= :tanggal_pembayaran.1:', [...], false)
 2 SYSTEMPATH\Model.php(286): CodeIgniter\Database\BaseBuilder->get()
 3 SYSTEMPATH\BaseModel.php(679): CodeIgniter\Model->doFindAll(0, 0)
 4 APPPATH\Models\Pembayaran_model.php(21): CodeIgniter\BaseModel->findAll()
 5 APPPATH\Controllers\Laporan_controller.php(67): App\Models\Pembayaran_model->get_lap_pembayaran('2025-07-01', '2025-07-03')
 6 SYSTEMPATH\CodeIgniter.php(933): App\Controllers\Laporan_controller->laporan_pembayaran()
 7 SYSTEMPATH\CodeIgniter.php(507): CodeIgniter\CodeIgniter->runController(Object(App\Controllers\Laporan_controller))
 8 SYSTEMPATH\CodeIgniter.php(354): CodeIgniter\CodeIgniter->handleRequest(null, Object(Config\Cache), false)
 9 SYSTEMPATH\Boot.php(334): CodeIgniter\CodeIgniter->run()
10 SYSTEMPATH\Boot.php(67): CodeIgniter\Boot::runCodeIgniter(Object(CodeIgniter\CodeIgniter))
11 FCPATH\index.php(59): CodeIgniter\Boot::bootWeb(Object(Config\Paths))
12 SYSTEMPATH\rewrite.php(44): require_once('C:\\Users\\acer\\Documents\\Project\\CI4\\penyewaan-kos\\public\\index.php')
CRITICAL - 2025-07-03 06:36:35 --> [Caused by] CodeIgniter\Database\Exceptions\DatabaseException: Unknown column 'sewa_kamar.nama_kamar' in 'field list'
in SYSTEMPATH\Database\MySQLi\Connection.php on line 332.
 1 SYSTEMPATH\Database\BaseConnection.php(738): CodeIgniter\Database\MySQLi\Connection->execute('SELECT `pembayaran`.*, `penyewa`.`nama_penyewa`, `sewa_kamar`.`nama_kamar`, `sewa_kamar`.`tanggal_masuk`, `sewa_kamar`.`tanggal_keluar`, `sewa_kamar`.`lama_sewa`, `sewa_kamar`.`total_harga`, `sewa_kamar`.`status_pembayaran`, `sewa_kamar`.`status`
FROM `pembayaran`
JOIN `sewa_kamar` ON `sewa_kamar`.`id` = `pembayaran`.`id_sewa_kamar`
JOIN `penyewa` ON `penyewa`.`id` = `sewa_kamar`.`id_penyewa`
WHERE `tanggal_pembayaran` >= \'2025-07-01\'
AND `tanggal_pembayaran` <= \'2025-07-03\'')
 2 SYSTEMPATH\Database\BaseConnection.php(652): CodeIgniter\Database\BaseConnection->simpleQuery('SELECT `pembayaran`.*, `penyewa`.`nama_penyewa`, `sewa_kamar`.`nama_kamar`, `sewa_kamar`.`tanggal_masuk`, `sewa_kamar`.`tanggal_keluar`, `sewa_kamar`.`lama_sewa`, `sewa_kamar`.`total_harga`, `sewa_kamar`.`status_pembayaran`, `sewa_kamar`.`status`
FROM `pembayaran`
JOIN `sewa_kamar` ON `sewa_kamar`.`id` = `pembayaran`.`id_sewa_kamar`
JOIN `penyewa` ON `penyewa`.`id` = `sewa_kamar`.`id_penyewa`
WHERE `tanggal_pembayaran` >= \'2025-07-01\'
AND `tanggal_pembayaran` <= \'2025-07-03\'')
 3 SYSTEMPATH\Database\BaseBuilder.php(1649): CodeIgniter\Database\BaseConnection->query('SELECT `pembayaran`.*, `penyewa`.`nama_penyewa`, `sewa_kamar`.`nama_kamar`, `sewa_kamar`.`tanggal_masuk`, `sewa_kamar`.`tanggal_keluar`, `sewa_kamar`.`lama_sewa`, `sewa_kamar`.`total_harga`, `sewa_kamar`.`status_pembayaran`, `sewa_kamar`.`status`
FROM `pembayaran`
JOIN `sewa_kamar` ON `sewa_kamar`.`id` = `pembayaran`.`id_sewa_kamar`
JOIN `penyewa` ON `penyewa`.`id` = `sewa_kamar`.`id_penyewa`
WHERE `tanggal_pembayaran` >= :tanggal_pembayaran:
AND `tanggal_pembayaran` <= :tanggal_pembayaran.1:', [...], false)
 4 SYSTEMPATH\Model.php(286): CodeIgniter\Database\BaseBuilder->get()
 5 SYSTEMPATH\BaseModel.php(679): CodeIgniter\Model->doFindAll(0, 0)
 6 APPPATH\Models\Pembayaran_model.php(21): CodeIgniter\BaseModel->findAll()
 7 APPPATH\Controllers\Laporan_controller.php(67): App\Models\Pembayaran_model->get_lap_pembayaran('2025-07-01', '2025-07-03')
 8 SYSTEMPATH\CodeIgniter.php(933): App\Controllers\Laporan_controller->laporan_pembayaran()
 9 SYSTEMPATH\CodeIgniter.php(507): CodeIgniter\CodeIgniter->runController(Object(App\Controllers\Laporan_controller))
10 SYSTEMPATH\CodeIgniter.php(354): CodeIgniter\CodeIgniter->handleRequest(null, Object(Config\Cache), false)
11 SYSTEMPATH\Boot.php(334): CodeIgniter\CodeIgniter->run()
12 SYSTEMPATH\Boot.php(67): CodeIgniter\Boot::runCodeIgniter(Object(CodeIgniter\CodeIgniter))
13 FCPATH\index.php(59): CodeIgniter\Boot::bootWeb(Object(Config\Paths))
14 SYSTEMPATH\rewrite.php(44): require_once('C:\\Users\\acer\\Documents\\Project\\CI4\\penyewaan-kos\\public\\index.php')
CRITICAL - 2025-07-03 06:36:35 --> [Caused by] mysqli_sql_exception: Unknown column 'sewa_kamar.nama_kamar' in 'field list'
in SYSTEMPATH\Database\MySQLi\Connection.php on line 327.
 1 SYSTEMPATH\Database\MySQLi\Connection.php(327): mysqli->query('SELECT `pembayaran`.*, `penyewa`.`nama_penyewa`, `sewa_kamar`.`nama_kamar`, `sewa_kamar`.`tanggal_masuk`, `sewa_kamar`.`tanggal_keluar`, `sewa_kamar`.`lama_sewa`, `sewa_kamar`.`total_harga`, `sewa_kamar`.`status_pembayaran`, `sewa_kamar`.`status`
FROM `pembayaran`
JOIN `sewa_kamar` ON `sewa_kamar`.`id` = `pembayaran`.`id_sewa_kamar`
JOIN `penyewa` ON `penyewa`.`id` = `sewa_kamar`.`id_penyewa`
WHERE `tanggal_pembayaran` >= \'2025-07-01\'
AND `tanggal_pembayaran` <= \'2025-07-03\'', 0)
 2 SYSTEMPATH\Database\BaseConnection.php(738): CodeIgniter\Database\MySQLi\Connection->execute('SELECT `pembayaran`.*, `penyewa`.`nama_penyewa`, `sewa_kamar`.`nama_kamar`, `sewa_kamar`.`tanggal_masuk`, `sewa_kamar`.`tanggal_keluar`, `sewa_kamar`.`lama_sewa`, `sewa_kamar`.`total_harga`, `sewa_kamar`.`status_pembayaran`, `sewa_kamar`.`status`
FROM `pembayaran`
JOIN `sewa_kamar` ON `sewa_kamar`.`id` = `pembayaran`.`id_sewa_kamar`
JOIN `penyewa` ON `penyewa`.`id` = `sewa_kamar`.`id_penyewa`
WHERE `tanggal_pembayaran` >= \'2025-07-01\'
AND `tanggal_pembayaran` <= \'2025-07-03\'')
 3 SYSTEMPATH\Database\BaseConnection.php(652): CodeIgniter\Database\BaseConnection->simpleQuery('SELECT `pembayaran`.*, `penyewa`.`nama_penyewa`, `sewa_kamar`.`nama_kamar`, `sewa_kamar`.`tanggal_masuk`, `sewa_kamar`.`tanggal_keluar`, `sewa_kamar`.`lama_sewa`, `sewa_kamar`.`total_harga`, `sewa_kamar`.`status_pembayaran`, `sewa_kamar`.`status`
FROM `pembayaran`
JOIN `sewa_kamar` ON `sewa_kamar`.`id` = `pembayaran`.`id_sewa_kamar`
JOIN `penyewa` ON `penyewa`.`id` = `sewa_kamar`.`id_penyewa`
WHERE `tanggal_pembayaran` >= \'2025-07-01\'
AND `tanggal_pembayaran` <= \'2025-07-03\'')
 4 SYSTEMPATH\Database\BaseBuilder.php(1649): CodeIgniter\Database\BaseConnection->query('SELECT `pembayaran`.*, `penyewa`.`nama_penyewa`, `sewa_kamar`.`nama_kamar`, `sewa_kamar`.`tanggal_masuk`, `sewa_kamar`.`tanggal_keluar`, `sewa_kamar`.`lama_sewa`, `sewa_kamar`.`total_harga`, `sewa_kamar`.`status_pembayaran`, `sewa_kamar`.`status`
FROM `pembayaran`
JOIN `sewa_kamar` ON `sewa_kamar`.`id` = `pembayaran`.`id_sewa_kamar`
JOIN `penyewa` ON `penyewa`.`id` = `sewa_kamar`.`id_penyewa`
WHERE `tanggal_pembayaran` >= :tanggal_pembayaran:
AND `tanggal_pembayaran` <= :tanggal_pembayaran.1:', [...], false)
 5 SYSTEMPATH\Model.php(286): CodeIgniter\Database\BaseBuilder->get()
 6 SYSTEMPATH\BaseModel.php(679): CodeIgniter\Model->doFindAll(0, 0)
 7 APPPATH\Models\Pembayaran_model.php(21): CodeIgniter\BaseModel->findAll()
 8 APPPATH\Controllers\Laporan_controller.php(67): App\Models\Pembayaran_model->get_lap_pembayaran('2025-07-01', '2025-07-03')
 9 SYSTEMPATH\CodeIgniter.php(933): App\Controllers\Laporan_controller->laporan_pembayaran()
10 SYSTEMPATH\CodeIgniter.php(507): CodeIgniter\CodeIgniter->runController(Object(App\Controllers\Laporan_controller))
11 SYSTEMPATH\CodeIgniter.php(354): CodeIgniter\CodeIgniter->handleRequest(null, Object(Config\Cache), false)
12 SYSTEMPATH\Boot.php(334): CodeIgniter\CodeIgniter->run()
13 SYSTEMPATH\Boot.php(67): CodeIgniter\Boot::runCodeIgniter(Object(CodeIgniter\CodeIgniter))
14 FCPATH\index.php(59): CodeIgniter\Boot::bootWeb(Object(Config\Paths))
15 SYSTEMPATH\rewrite.php(44): require_once('C:\\Users\\acer\\Documents\\Project\\CI4\\penyewaan-kos\\public\\index.php')
DEBUG - 2025-07-03 06:39:45 --> Session: Class initialized using 'CodeIgniter\Session\Handlers\FileHandler' driver.
DEBUG - 2025-07-03 06:39:45 --> Session: Class initialized using 'CodeIgniter\Session\Handlers\FileHandler' driver.
DEBUG - 2025-07-03 06:39:52 --> Session: Class initialized using 'CodeIgniter\Session\Handlers\FileHandler' driver.
DEBUG - 2025-07-03 06:39:52 --> Session: Class initialized using 'CodeIgniter\Session\Handlers\FileHandler' driver.
DEBUG - 2025-07-03 06:39:58 --> Session: Class initialized using 'CodeIgniter\Session\Handlers\FileHandler' driver.
DEBUG - 2025-07-03 06:40:05 --> Session: Class initialized using 'CodeIgniter\Session\Handlers\FileHandler' driver.
DEBUG - 2025-07-03 06:40:09 --> Session: Class initialized using 'CodeIgniter\Session\Handlers\FileHandler' driver.
DEBUG - 2025-07-03 06:40:09 --> Session: Class initialized using 'CodeIgniter\Session\Handlers\FileHandler' driver.
DEBUG - 2025-07-03 06:41:09 --> Session: Class initialized using 'CodeIgniter\Session\Handlers\FileHandler' driver.
DEBUG - 2025-07-03 06:41:24 --> Session: Class initialized using 'CodeIgniter\Session\Handlers\FileHandler' driver.
DEBUG - 2025-07-03 06:42:00 --> Session: Class initialized using 'CodeIgniter\Session\Handlers\FileHandler' driver.
DEBUG - 2025-07-03 06:42:10 --> Session: Class initialized using 'CodeIgniter\Session\Handlers\FileHandler' driver.
DEBUG - 2025-07-03 06:42:18 --> Session: Class initialized using 'CodeIgniter\Session\Handlers\FileHandler' driver.
DEBUG - 2025-07-03 06:44:02 --> Session: Class initialized using 'CodeIgniter\Session\Handlers\FileHandler' driver.
DEBUG - 2025-07-03 06:44:12 --> Session: Class initialized using 'CodeIgniter\Session\Handlers\FileHandler' driver.
DEBUG - 2025-07-03 06:44:13 --> Session: Class initialized using 'CodeIgniter\Session\Handlers\FileHandler' driver.
DEBUG - 2025-07-03 06:44:34 --> Session: Class initialized using 'CodeIgniter\Session\Handlers\FileHandler' driver.
DEBUG - 2025-07-03 06:45:21 --> Session: Class initialized using 'CodeIgniter\Session\Handlers\FileHandler' driver.
DEBUG - 2025-07-03 06:45:31 --> Session: Class initialized using 'CodeIgniter\Session\Handlers\FileHandler' driver.
DEBUG - 2025-07-03 06:47:03 --> Session: Class initialized using 'CodeIgniter\Session\Handlers\FileHandler' driver.
DEBUG - 2025-07-03 06:47:43 --> Session: Class initialized using 'CodeIgniter\Session\Handlers\FileHandler' driver.
DEBUG - 2025-07-03 06:47:44 --> Session: Class initialized using 'CodeIgniter\Session\Handlers\FileHandler' driver.
DEBUG - 2025-07-03 06:48:07 --> Session: Class initialized using 'CodeIgniter\Session\Handlers\FileHandler' driver.
DEBUG - 2025-07-03 06:48:37 --> Session: Class initialized using 'CodeIgniter\Session\Handlers\FileHandler' driver.
DEBUG - 2025-07-03 06:48:46 --> Session: Class initialized using 'CodeIgniter\Session\Handlers\FileHandler' driver.
DEBUG - 2025-07-03 06:49:21 --> Session: Class initialized using 'CodeIgniter\Session\Handlers\FileHandler' driver.
DEBUG - 2025-07-03 08:07:51 --> Session: Class initialized using 'CodeIgniter\Session\Handlers\FileHandler' driver.
DEBUG - 2025-07-03 08:11:35 --> Session: Class initialized using 'CodeIgniter\Session\Handlers\FileHandler' driver.
DEBUG - 2025-07-03 08:11:36 --> Session: Class initialized using 'CodeIgniter\Session\Handlers\FileHandler' driver.
DEBUG - 2025-07-03 08:11:39 --> Session: Class initialized using 'CodeIgniter\Session\Handlers\FileHandler' driver.
DEBUG - 2025-07-03 08:13:30 --> Session: Class initialized using 'CodeIgniter\Session\Handlers\FileHandler' driver.
DEBUG - 2025-07-03 08:13:30 --> Session: Class initialized using 'CodeIgniter\Session\Handlers\FileHandler' driver.
DEBUG - 2025-07-03 08:14:04 --> Session: Class initialized using 'CodeIgniter\Session\Handlers\FileHandler' driver.
DEBUG - 2025-07-03 08:14:04 --> Session: Class initialized using 'CodeIgniter\Session\Handlers\FileHandler' driver.
DEBUG - 2025-07-03 08:14:20 --> Session: Class initialized using 'CodeIgniter\Session\Handlers\FileHandler' driver.
DEBUG - 2025-07-03 08:14:20 --> Session: Class initialized using 'CodeIgniter\Session\Handlers\FileHandler' driver.
DEBUG - 2025-07-03 08:14:28 --> Session: Class initialized using 'CodeIgniter\Session\Handlers\FileHandler' driver.
DEBUG - 2025-07-03 08:15:34 --> Session: Class initialized using 'CodeIgniter\Session\Handlers\FileHandler' driver.
DEBUG - 2025-07-03 08:15:34 --> Session: Class initialized using 'CodeIgniter\Session\Handlers\FileHandler' driver.
DEBUG - 2025-07-03 08:15:37 --> Session: Class initialized using 'CodeIgniter\Session\Handlers\FileHandler' driver.
DEBUG - 2025-07-03 08:16:29 --> Session: Class initialized using 'CodeIgniter\Session\Handlers\FileHandler' driver.
DEBUG - 2025-07-03 08:16:54 --> Session: Class initialized using 'CodeIgniter\Session\Handlers\FileHandler' driver.
DEBUG - 2025-07-03 08:19:04 --> Session: Class initialized using 'CodeIgniter\Session\Handlers\FileHandler' driver.
